<?xml version="1.0" encoding="UTF-8"?>
<!-- Generated by org.testng.reporters.JUnitXMLReporter -->
<testsuite ignored="0" hostname="MacBook-Air-3.local" failures="3" tests="5" name="Test" time="48.928" errors="0" timestamp="2024-09-16T15:16:54 IST">
  <testcase classname="testCases.TC001_AccountRegistrationTest" name="verify_account_registration" time="1.641">
    <failure type="java.lang.AssertionError" message="Your Account Has Been Created! expected:&amp;lt;Your Account Has Been Created!&amp;gt; but was:&amp;lt;Confirmation message mismatch&amp;gt;">
      <![CDATA[java.lang.AssertionError: Your Account Has Been Created! expected:<Your Account Has Been Created!> but was:<Confirmation message mismatch>
at testCases.TC001_AccountRegistrationTest.verify_account_registration(TC001_AccountRegistrationTest.java:44)
at java.base/java.util.ArrayList.forEach(ArrayList.java:1597)
... Removed 26 stack frames]]>
    </failure>
  </testcase> <!-- verify_account_registration -->
  <testcase classname="testCases.TC002_LoginTest" name="verify_login" time="1.336"/>
  <testcase classname="testCases.TC_005edit" name="Edit_Account_Details" time="3.082">
    <failure type="java.lang.AssertionError" message="Success: Your account has been successfully updated. expected:&amp;lt;Success: Your account has been successfully updated.&amp;gt; but was:&amp;lt;Confirmation message mismatch&amp;gt;">
      <![CDATA[java.lang.AssertionError: Success: Your account has been successfully updated. expected:<Success: Your account has been successfully updated.> but was:<Confirmation message mismatch>
at testCases.TC_005edit.Edit_Account_Details(TC_005edit.java:50)
at java.base/java.util.ArrayList.forEach(ArrayList.java:1597)
... Removed 26 stack frames]]>
    </failure>
  </testcase> <!-- Edit_Account_Details -->
  <testcase classname="testCases.TC006_AddtocartTest" name="addingtocart" time="20.684">
    <failure type="java.lang.AssertionError" message="expected [Products marked with *** are not available in the desired quantity or not in stock!] but found [Products marked with *** are not available in the desired quantity or not in stock!
×]">
      <![CDATA[java.lang.AssertionError: expected [Products marked with *** are not available in the desired quantity or not in stock!] but found [Products marked with *** are not available in the desired quantity or not in stock!
×]
at testCases.TC006_AddtocartTest.addingtocart(TC006_AddtocartTest.java:50)
at java.base/java.util.ArrayList.forEach(ArrayList.java:1597)
... Removed 31 stack frames]]>
    </failure>
  </testcase> <!-- addingtocart -->
  <testcase classname="testCases.TC007_component" name="component" time="4.37"/>
</testsuite> <!-- Test -->
