<?xml version="1.0" encoding="UTF-8"?>
<!-- Generated by org.testng.reporters.JUnitXMLReporter -->
<testsuite ignored="0" hostname="MacBook-Air-2.local" failures="3" tests="4" name="Test" time="38.747" errors="0" timestamp="2024-09-15T16:21:48 IST">
  <testcase classname="testCases.TC001_AccountRegistrationTest" name="verify_account_registration" time="1.594">
    <failure type="java.lang.AssertionError" message="Your Account Has Been Created! expected:&amp;lt;Your Account Has Been Created!&amp;gt; but was:&amp;lt;Confirmation message mismatch&amp;gt;">
      <![CDATA[java.lang.AssertionError: Your Account Has Been Created! expected:<Your Account Has Been Created!> but was:<Confirmation message mismatch>
at testCases.TC001_AccountRegistrationTest.verify_account_registration(TC001_AccountRegistrationTest.java:44)
at java.base/java.util.ArrayList.forEach(ArrayList.java:1597)
... Removed 26 stack frames]]>
    </failure>
  </testcase> <!-- verify_account_registration -->
  <testcase classname="testCases.TC002_LoginTest" name="verify_login" time="1.41"/>
  <testcase classname="testCases.TC_005edit" name="Edit_Account_Details" time="2.628">
    <failure type="java.lang.AssertionError" message="Success: Your account has been successfully updated. expected:&amp;lt;Success: Your account has been successfully updated.&amp;gt; but was:&amp;lt;Confirmation message mismatch&amp;gt;">
      <![CDATA[java.lang.AssertionError: Success: Your account has been successfully updated. expected:<Success: Your account has been successfully updated.> but was:<Confirmation message mismatch>
at testCases.TC_005edit.Edit_Account_Details(TC_005edit.java:50)
at java.base/java.util.ArrayList.forEach(ArrayList.java:1597)
... Removed 26 stack frames]]>
    </failure>
  </testcase> <!-- Edit_Account_Details -->
  <testcase classname="testCases.TC006_AddtocartTest" name="addingtocart" time="19.599">
    <failure type="java.lang.AssertionError" message="expected [Products marked with *** are not available in the desired quantity or not in stock!] but found [Products marked with *** are not available in the desired quantity or not in stock!
×]">
      <![CDATA[java.lang.AssertionError: expected [Products marked with *** are not available in the desired quantity or not in stock!] but found [Products marked with *** are not available in the desired quantity or not in stock!
×]
at testCases.TC006_AddtocartTest.addingtocart(TC006_AddtocartTest.java:51)
at java.base/java.util.ArrayList.forEach(ArrayList.java:1597)
... Removed 31 stack frames]]>
    </failure>
  </testcase> <!-- addingtocart -->
</testsuite> <!-- Test -->
